<?xml version="1.0" encoding="UTF-8"?>
<!-- Generated by org.testng.reporters.JUnitReportReporter -->
<testsuite hostname="DESKTOP-MGUTKMH" failures="0" tests="1" name="request_chaining.Scenario_3_GetPayrollInfo" time="2.584" errors="0" timestamp="2024-10-17T10:10:56 IST" skipped="0">
  <testcase classname="request_chaining.Scenario_3_GetPayrollInfo" name="sampleTest" time="2.584"/>
  <system-out/>
</testsuite> <!-- request_chaining.Scenario_3_GetPayrollInfo -->
