<?xml version="1.0" encoding="UTF-8"?>
<!-- Generated by org.testng.reporters.JUnitReportReporter -->
<testsuite hostname="DESKTOP-MGUTKMH" failures="0" tests="1" name="com.sample.crud.withoutBDD.SampleTestForRead" time="1.908" errors="0" timestamp="2024-10-04T12:47:04 IST" skipped="0">
  <testcase classname="com.sample.crud.withoutBDD.SampleTestForRead" name="getDataFromServer" time="1.908"/>
  <system-out/>
</testsuite> <!-- com.sample.crud.withoutBDD.SampleTestForRead -->
