<?xml version="1.0" encoding="UTF-8"?>
<!-- Generated by org.testng.reporters.JUnitReportReporter -->
<testsuite hostname="DESKTOP-MGUTKMH" failures="0" tests="1" name="encryption.AESEncrypTest" time="0.038" errors="0" timestamp="2024-10-22T15:55:00 IST" skipped="0">
  <testcase classname="encryption.AESEncrypTest" name="sampleTest" time="0.038"/>
  <system-out/>
</testsuite> <!-- encryption.AESEncrypTest -->
