<?xml version="1.0" encoding="UTF-8"?>
<!-- Generated by org.testng.reporters.JUnitReportReporter -->
<testsuite hostname="DESKTOP-MGUTKMH" failures="0" tests="1" name="com.sample.crud.withoutBDD.SampleTestForDeleteTest" time="1.329" errors="0" timestamp="2024-10-04T16:07:32 IST" skipped="0">
  <testcase classname="com.sample.crud.withoutBDD.SampleTestForDeleteTest" name="deleteDataFromServer" time="1.329"/>
  <system-out/>
</testsuite> <!-- com.sample.crud.withoutBDD.SampleTestForDeleteTest -->
