<?xml version="1.0" encoding="UTF-8"?>
<!-- Generated by org.testng.reporters.JUnitReportReporter -->
<testsuite hostname="DESKTOP-MGUTKMH" failures="0" tests="3" name="datadrivenTesting.AddMultipleProjectWithDPTest" time="1.758" errors="0" timestamp="2024-11-21T13:09:37 IST" skipped="0">
  <testcase classname="datadrivenTesting.AddMultipleProjectWithDPTest" name="sampleTest" time="1.517"/>
  <system-out/>
  <testcase classname="datadrivenTesting.AddMultipleProjectWithDPTest" name="sampleTest" time="0.115"/>
  <system-out/>
  <testcase classname="datadrivenTesting.AddMultipleProjectWithDPTest" name="sampleTest" time="0.126"/>
  <system-out/>
</testsuite> <!-- datadrivenTesting.AddMultipleProjectWithDPTest -->
