<?xml version="1.0" encoding="UTF-8"?>
<!-- Generated by org.testng.reporters.JUnitReportReporter -->
<testsuite hostname="DESKTOP-MGUTKMH" failures="0" tests="1" name="com.sample.crud.withbddtest.SampleTestForReadTest" time="2.231" errors="0" timestamp="2024-12-19T15:39:30 IST" skipped="0">
  <testcase classname="com.sample.crud.withbddtest.SampleTestForReadTest" name="getDataFromServer" time="2.231"/>
  <system-out/>
</testsuite> <!-- com.sample.crud.withbddtest.SampleTestForReadTest -->
