<?xml version="1.0" encoding="UTF-8"?>
<!-- Generated by org.testng.reporters.JUnitReportReporter -->
<testsuite hostname="DESKTOP-MGUTKMH" failures="0" tests="1" name="com.sample.crud.withoutBDD.SampleTestForPartialUpdateTest" time="2.231" errors="0" timestamp="2024-10-04T16:00:13 IST" skipped="0">
  <testcase classname="com.sample.crud.withoutBDD.SampleTestForPartialUpdateTest" name="putDataFromServer" time="2.231"/>
  <system-out/>
</testsuite> <!-- com.sample.crud.withoutBDD.SampleTestForPartialUpdateTest -->
