<?xml version="1.0" encoding="UTF-8"?>
<!-- Generated by org.testng.reporters.JUnitReportReporter -->
<testsuite hostname="DESKTOP-MGUTKMH" failures="0" tests="1" name="practice.Run2" time="0.009" errors="0" timestamp="2024-10-03T11:03:57 IST" skipped="0">
  <testcase classname="practice.Run2" name="sampleTest" time="0.009"/>
  <system-out/>
</testsuite> <!-- practice.Run2 -->
