<?xml version="1.0" encoding="UTF-8"?>
<!-- Generated by org.testng.reporters.JUnitReportReporter -->
<testsuite hostname="DESKTOP-MGUTKMH" failures="0" tests="1" name="practice.Run1" time="0.008" errors="0" timestamp="2024-10-03T10:09:44 IST" skipped="0">
  <testcase classname="practice.Run1" name="sampleTest" time="0.008"/>
  <system-out/>
</testsuite> <!-- practice.Run1 -->
