<?xml version="1.0" encoding="UTF-8"?>
<!-- Generated by org.testng.reporters.JUnitReportReporter -->
<testsuite hostname="DESKTOP-MGUTKMH" failures="0" tests="1" name="authentication_test.PreEmptiveAuthTest" time="1.618" errors="0" timestamp="2024-10-18T15:37:55 IST" skipped="0">
  <testcase classname="authentication_test.PreEmptiveAuthTest" name="sampleTest" time="1.618"/>
  <system-out/>
</testsuite> <!-- authentication_test.PreEmptiveAuthTest -->
