<?xml version="1.0" encoding="UTF-8"?>
<!-- Generated by org.testng.reporters.JUnitReportReporter -->
<testsuite hostname="DESKTOP-MGUTKMH" failures="0" tests="1" name="practice.postRequestTypes.PostReq_via_JsonFileTest" time="1.430" errors="0" timestamp="2024-10-08T15:55:55 IST" skipped="0">
  <testcase classname="practice.postRequestTypes.PostReq_via_JsonFileTest" name="postDataFromServer" time="1.430"/>
  <system-out/>
</testsuite> <!-- practice.postRequestTypes.PostReq_via_JsonFileTest -->
