<?xml version="1.0" encoding="UTF-8"?>
<!-- Generated by org.testng.reporters.JUnitReportReporter -->
<testsuite hostname="DESKTOP-MGUTKMH" failures="0" tests="1" name="authentication_test.BasicAuthTest" time="1.996" errors="0" timestamp="2024-12-04T18:23:45 IST" skipped="0">
  <testcase classname="authentication_test.BasicAuthTest" name="sampleTest" time="1.996"/>
  <system-out/>
</testsuite> <!-- authentication_test.BasicAuthTest -->
