<?xml version="1.0" encoding="UTF-8"?>
<!-- Generated by org.testng.reporters.JUnitReportReporter -->
<testsuite hostname="DESKTOP-MGUTKMH" failures="0" tests="1" name="practice.responseValidation.VerifyResponseTimeTest" time="1.990" errors="0" timestamp="2024-10-09T15:10:37 IST" skipped="0">
  <testcase classname="practice.responseValidation.VerifyResponseTimeTest" name="verifyHeader" time="1.990"/>
  <system-out/>
</testsuite> <!-- practice.responseValidation.VerifyResponseTimeTest -->
