<?xml version="1.0" encoding="UTF-8"?>
<!-- Generated by org.testng.reporters.JUnitReportReporter -->
<testsuite hostname="DESKTOP-MGUTKMH" failures="0" tests="1" name="com.sample.crud.withoutBDD.SampleTestForCreate" time="1.390" errors="0" timestamp="2024-10-04T13:45:38 IST" skipped="0">
  <testcase classname="com.sample.crud.withoutBDD.SampleTestForCreate" name="postDataFromServer" time="1.390"/>
  <system-out/>
</testsuite> <!-- com.sample.crud.withoutBDD.SampleTestForCreate -->
