<?xml version="1.0" encoding="UTF-8"?>
<!-- Generated by org.testng.reporters.JUnitReportReporter -->
<testsuite hostname="DESKTOP-MGUTKMH" failures="0" tests="1" name="practice.responseValidation.VerifyResponseHeaderTest" time="1.334" errors="0" timestamp="2024-10-08T18:33:35 IST" skipped="0">
  <testcase classname="practice.responseValidation.VerifyResponseHeaderTest" name="verifyHeader" time="1.334"/>
  <system-out/>
</testsuite> <!-- practice.responseValidation.VerifyResponseHeaderTest -->
