<?xml version="1.0" encoding="UTF-8"?>
<!-- Generated by org.testng.reporters.JUnitReportReporter -->
<testsuite hostname="DESKTOP-MGUTKMH" failures="0" tests="1" name="authentication_test.DigestAuthTest" time="1.787" errors="0" timestamp="2024-10-18T15:32:12 IST" skipped="0">
  <testcase classname="authentication_test.DigestAuthTest" name="sampleTest" time="1.787"/>
  <system-out/>
</testsuite> <!-- authentication_test.DigestAuthTest -->
