<?xml version="1.0" encoding="UTF-8"?>
<!-- Generated by org.testng.reporters.JUnitReportReporter -->
<testsuite hostname="DESKTOP-MGUTKMH" failures="0" tests="1" name="pac.SampleTest" time="1.696" errors="0" timestamp="2024-10-01T18:06:11 IST" skipped="0">
  <testcase classname="pac.SampleTest" name="sampleGetReqTest" time="1.696"/>
  <system-out/>
</testsuite> <!-- pac.SampleTest -->
