<?xml version="1.0" encoding="UTF-8"?>
<!-- Generated by org.testng.reporters.JUnitReportReporter -->
<testsuite hostname="DESKTOP-MGUTKMH" failures="0" tests="1" name="com.sample.crud.withoutBDD.SampleTestForReadForHeader" time="1.980" errors="0" timestamp="2024-10-04T12:52:15 IST" skipped="0">
  <testcase classname="com.sample.crud.withoutBDD.SampleTestForReadForHeader" name="getDataFromServer" time="1.980"/>
  <system-out/>
</testsuite> <!-- com.sample.crud.withoutBDD.SampleTestForReadForHeader -->
