<?xml version="1.0" encoding="UTF-8"?>
<!-- Generated by org.testng.reporters.JUnitReportReporter -->
<testsuite hostname="DESKTOP-MGUTKMH" failures="0" tests="1" name="typesParameter.QueryParameterTest" time="1.465" errors="0" timestamp="2024-10-17T17:41:34 IST" skipped="0">
  <testcase classname="typesParameter.QueryParameterTest" name="sampleTest" time="1.465"/>
  <system-out/>
</testsuite> <!-- typesParameter.QueryParameterTest -->
