<?xml version="1.0" encoding="UTF-8"?>
<!-- Generated by org.testng.reporters.JUnitReportReporter -->
<testsuite hostname="DESKTOP-MGUTKMH" failures="0" tests="1" name="encryption.API_EncodeTest" time="31.479" errors="0" timestamp="2024-10-22T10:47:47 IST" skipped="0">
  <testcase classname="encryption.API_EncodeTest" name="sampleTest" time="31.479"/>
  <system-out/>
</testsuite> <!-- encryption.API_EncodeTest -->
