<?xml version="1.0" encoding="UTF-8"?>
<!-- Generated by org.testng.reporters.JUnitReportReporter -->
<testsuite hostname="DESKTOP-MGUTKMH" failures="0" tests="1" name="encryption.AESEncrypJSONdataTest" time="0.035" errors="0" timestamp="2024-10-22T16:07:20 IST" skipped="0">
  <testcase classname="encryption.AESEncrypJSONdataTest" name="sampleTest" time="0.035"/>
  <system-out/>
</testsuite> <!-- encryption.AESEncrypJSONdataTest -->
