<?xml version="1.0" encoding="UTF-8"?>
<!-- Generated by org.testng.reporters.JUnitReportReporter -->
<testsuite hostname="DESKTOP-MGUTKMH" failures="0" tests="1" name="typesParameter.PathParameterTest" time="1.387" errors="0" timestamp="2024-10-17T16:01:17 IST" skipped="0">
  <testcase classname="typesParameter.PathParameterTest" name="sampleTest" time="1.387"/>
  <system-out/>
</testsuite> <!-- typesParameter.PathParameterTest -->
