<?xml version="1.0" encoding="UTF-8"?>
<!-- Generated by org.testng.reporters.JUnitReportReporter -->
<testsuite hostname="DESKTOP-MGUTKMH" failures="0" tests="1" name="practice.responseValidation.VerifyDataFromComplexJSON_Xpath" time="1.668" errors="0" timestamp="2024-10-16T11:32:25 IST" skipped="0">
  <testcase classname="practice.responseValidation.VerifyDataFromComplexJSON_Xpath" name="sampleTest" time="1.668"/>
  <system-out/>
</testsuite> <!-- practice.responseValidation.VerifyDataFromComplexJSON_Xpath -->
