<?xml version="1.0" encoding="UTF-8"?>
<!-- Generated by org.testng.reporters.JUnitReportReporter -->
<testsuite hostname="DESKTOP-MGUTKMH" failures="0" tests="1" name="panCardMock.PaymentTest" time="2.033" errors="0" timestamp="2024-10-28T11:09:07 IST" skipped="0">
  <testcase classname="panCardMock.PaymentTest" name="sampleTest" time="2.033"/>
  <system-out/>
</testsuite> <!-- panCardMock.PaymentTest -->
