<?xml version="1.0" encoding="UTF-8"?>
<!-- Generated by org.testng.reporters.JUnitReportReporter -->
<testsuite hostname="DESKTOP-MGUTKMH" failures="0" tests="1" name="practice.postRequestTypes.PostReq_via_PojoClassTest" time="1.730" errors="0" timestamp="2024-10-08T16:22:34 IST" skipped="0">
  <testcase classname="practice.postRequestTypes.PostReq_via_PojoClassTest" name="postDataFromServer" time="1.730"/>
  <system-out/>
</testsuite> <!-- practice.postRequestTypes.PostReq_via_PojoClassTest -->
