<?xml version="1.0" encoding="UTF-8"?>
<!-- Generated by org.testng.reporters.JUnitReportReporter -->
<testsuite hostname="DESKTOP-MGUTKMH" failures="0" tests="1" name="typesParameter.ParamParameterTest" time="1.433" errors="0" timestamp="2024-10-17T18:04:12 IST" skipped="0">
  <testcase classname="typesParameter.ParamParameterTest" name="sampleTest" time="1.433"/>
  <system-out/>
</testsuite> <!-- typesParameter.ParamParameterTest -->
