<?xml version="1.0" encoding="UTF-8"?>
<!-- Generated by org.testng.reporters.JUnitReportReporter -->
<testsuite hostname="DESKTOP-MGUTKMH" failures="0" tests="1" name="practice.postRequestTypes.PostReq_via_JsonObject" time="1.820" errors="0" timestamp="2024-10-08T15:02:20 IST" skipped="0">
  <testcase classname="practice.postRequestTypes.PostReq_via_JsonObject" name="postDataFromServer" time="1.820"/>
  <system-out/>
</testsuite> <!-- practice.postRequestTypes.PostReq_via_JsonObject -->
