<?xml version="1.0" encoding="UTF-8"?>
<!-- Generated by org.testng.reporters.JUnitReportReporter -->
<testsuite hostname="DESKTOP-MGUTKMH" failures="0" tests="1" name="com.sample.crud.withbddtest.SampleTestForCompleteUpdatedTest" time="1.325" errors="0" timestamp="2024-10-04T18:01:30 IST" skipped="0">
  <testcase classname="com.sample.crud.withbddtest.SampleTestForCompleteUpdatedTest" name="putDataFromServer" time="1.325"/>
  <system-out/>
</testsuite> <!-- com.sample.crud.withbddtest.SampleTestForCompleteUpdatedTest -->
