<?xml version="1.0" encoding="UTF-8"?>
<!-- Generated by org.testng.reporters.JUnitReportReporter -->
<testsuite hostname="DESKTOP-MGUTKMH" failures="0" tests="1" name="datadrivenTesting.AddMultipleProjectTest" time="1.619" errors="0" timestamp="2024-10-23T16:01:18 IST" skipped="0">
  <testcase classname="datadrivenTesting.AddMultipleProjectTest" name="sampleTest" time="1.619"/>
  <system-out/>
</testsuite> <!-- datadrivenTesting.AddMultipleProjectTest -->
