<?xml version="1.0" encoding="UTF-8"?>
<!-- Generated by org.testng.reporters.JUnitReportReporter -->
<testsuite hostname="DESKTOP-MGUTKMH" failures="0" tests="1" name="encryption.EncodeAndDecodeTest" time="0.008" errors="0" timestamp="2024-10-22T15:31:01 IST" skipped="0">
  <testcase classname="encryption.EncodeAndDecodeTest" name="sampleTest" time="0.008"/>
  <system-out/>
</testsuite> <!-- encryption.EncodeAndDecodeTest -->
