<?xml version="1.0" encoding="UTF-8"?>
<!-- Generated by org.testng.reporters.JUnitReportReporter -->
<testsuite hostname="DESKTOP-MGUTKMH" failures="0" tests="1" name="practice.SampleTestUsingMethodChaining" time="1.683" errors="0" timestamp="2024-10-03T13:22:02 IST" skipped="0">
  <testcase classname="practice.SampleTestUsingMethodChaining" name="getRequestTest" time="1.683"/>
  <system-out/>
</testsuite> <!-- practice.SampleTestUsingMethodChaining -->
