<?xml version="1.0" encoding="UTF-8"?>
<!-- Generated by org.testng.reporters.JUnitReportReporter -->
<testsuite hostname="DESKTOP-MGUTKMH" failures="0" tests="1" name="authentication_test.OAuth_2_0_Test" time="4.266" errors="0" timestamp="2024-10-18T18:12:40 IST" skipped="0">
  <testcase classname="authentication_test.OAuth_2_0_Test" name="sampleTest" time="4.266"/>
  <system-out/>
</testsuite> <!-- authentication_test.OAuth_2_0_Test -->
