<?xml version="1.0" encoding="UTF-8"?>
<!-- Generated by org.testng.reporters.JUnitReportReporter -->
<testsuite hostname="DESKTOP-MGUTKMH" failures="0" tests="1" name="practice.responseValidation.VerifyDataFromComplexJSON_XpathForDynamicPayload" time="1.731" errors="0" timestamp="2024-10-16T11:41:11 IST" skipped="0">
  <testcase classname="practice.responseValidation.VerifyDataFromComplexJSON_XpathForDynamicPayload" name="sampleTest" time="1.731"/>
  <system-out/>
</testsuite> <!-- practice.responseValidation.VerifyDataFromComplexJSON_XpathForDynamicPayload -->
