<?xml version="1.0" encoding="UTF-8"?>
<!-- Generated by org.testng.reporters.JUnitReportReporter -->
<testsuite hostname="DESKTOP-MGUTKMH" failures="0" tests="1" name="encryption.UpdatePayInfoViaAESEncryptionTest" time="1.405" errors="0" timestamp="2024-10-22T18:17:52 IST" skipped="0">
  <testcase classname="encryption.UpdatePayInfoViaAESEncryptionTest" name="sampleTest" time="1.405"/>
  <system-out/>
</testsuite> <!-- encryption.UpdatePayInfoViaAESEncryptionTest -->
