<?xml version="1.0" encoding="UTF-8"?>
<!-- Generated by org.testng.reporters.JUnitReportReporter -->
<testsuite hostname="DESKTOP-MGUTKMH" failures="0" tests="1" name="request_chaining.Scenario_2_AddAEmployeeToProject" time="2.850" errors="0" timestamp="2024-10-16T15:56:14 IST" skipped="0">
  <testcase classname="request_chaining.Scenario_2_AddAEmployeeToProject" name="sampleTest" time="2.850"/>
  <system-out/>
</testsuite> <!-- request_chaining.Scenario_2_AddAEmployeeToProject -->
