<?xml version="1.0" encoding="UTF-8"?>
<!-- Generated by org.testng.reporters.JUnitReportReporter -->
<testsuite hostname="DESKTOP-MGUTKMH" failures="0" tests="1" name="authentication_test.BearerTokenAuthTest" time="2.453" errors="0" timestamp="2024-10-18T17:46:30 IST" skipped="0">
  <testcase classname="authentication_test.BearerTokenAuthTest" name="sampleTest" time="2.453"/>
  <system-out/>
</testsuite> <!-- authentication_test.BearerTokenAuthTest -->
