<?xml version="1.0" encoding="UTF-8"?>
<!-- Generated by org.testng.reporters.JUnitReportReporter -->
<testsuite hostname="DESKTOP-MGUTKMH" failures="0" tests="1" name="typesParameter.FormParameterTest" time="1.334" errors="0" timestamp="2024-10-17T18:05:48 IST" skipped="0">
  <testcase classname="typesParameter.FormParameterTest" name="sampleTest" time="1.334"/>
  <system-out/>
</testsuite> <!-- typesParameter.FormParameterTest -->
