<?xml version="1.0" encoding="UTF-8"?>
<!-- Generated by org.testng.reporters.JUnitReportReporter -->
<testsuite hostname="DESKTOP-MGUTKMH" failures="0" tests="1" name="request_chaining.postDataToServer" time="2.414" errors="0" timestamp="2024-10-16T15:19:01 IST" skipped="0">
  <testcase classname="request_chaining.postDataToServer" name="postDataFromServer" time="2.414"/>
  <system-out/>
</testsuite> <!-- request_chaining.postDataToServer -->
